<?xml version="1.0" encoding="UTF-8"?>
<testng-results ignored="0" total="1" passed="1" failed="0" skipped="0">
  <reporter-output>
  </reporter-output>
  <suite started-at="2024-12-13T23:17:41 IST" name="Surefire suite" finished-at="2024-12-13T23:17:58 IST" duration-ms="17042">
    <groups>
      <group name="cucumber">
        <method signature="AbstractTestNGCucumberTests.runScenario(io.cucumber.testng.PickleWrapper,io.cucumber.testng.FeatureWrapper)[pri:0, instance:cucumber.Options.TestRunner@1ea9f6af]" name="runScenario" class="io.cucumber.testng.AbstractTestNGCucumberTests"/>
        <method signature="AbstractTestNGCucumberTests.runScenario(io.cucumber.testng.PickleWrapper,io.cucumber.testng.FeatureWrapper)[pri:0, instance:cucumber.Options.TestRunnerforFailedTestScenarios@1dde4cb2]" name="runScenario" class="io.cucumber.testng.AbstractTestNGCucumberTests"/>
      </group> <!-- cucumber -->
    </groups>
    <test started-at="2024-12-13T23:17:41 IST" name="Surefire test" finished-at="2024-12-13T23:17:58 IST" duration-ms="17042">
      <class name="cucumber.Options.TestRunnerforFailedTestScenarios">
        <test-method is-config="true" signature="setUpClass(org.testng.ITestContext)[pri:0, instance:cucumber.Options.TestRunnerforFailedTestScenarios@1dde4cb2]" started-at="2024-12-13T23:17:58 IST" name="setUpClass" finished-at="2024-12-13T23:17:58 IST" duration-ms="27" status="PASS">
          <params>
            <param index="0">
              <value>
                <![CDATA[org.testng.TestRunner@7776ab]]>
              </value>
            </param>
          </params>
          <reporter-output>
          </reporter-output>
        </test-method> <!-- setUpClass -->
        <test-method is-config="true" signature="tearDownClass()[pri:0, instance:cucumber.Options.TestRunnerforFailedTestScenarios@1dde4cb2]" started-at="2024-12-13T23:17:58 IST" name="tearDownClass" finished-at="2024-12-13T23:17:58 IST" duration-ms="3" status="PASS">
          <reporter-output>
          </reporter-output>
        </test-method> <!-- tearDownClass -->
      </class> <!-- cucumber.Options.TestRunnerforFailedTestScenarios -->
      <class name="cucumber.Options.TestRunner">
        <test-method is-config="true" signature="setUpClass(org.testng.ITestContext)[pri:0, instance:cucumber.Options.TestRunner@1ea9f6af]" started-at="2024-12-13T23:17:41 IST" name="setUpClass" finished-at="2024-12-13T23:17:42 IST" duration-ms="411" status="PASS">
          <params>
            <param index="0">
              <value>
                <![CDATA[org.testng.TestRunner@7776ab]]>
              </value>
            </param>
          </params>
          <reporter-output>
          </reporter-output>
        </test-method> <!-- setUpClass -->
        <test-method signature="runScenario(io.cucumber.testng.PickleWrapper,io.cucumber.testng.FeatureWrapper)[pri:0, instance:cucumber.Options.TestRunner@1ea9f6af]" started-at="2024-12-13T23:17:42 IST" name="runScenario" description="Runs Cucumber Scenarios" data-provider="scenarios" finished-at="2024-12-13T23:17:58 IST" duration-ms="16501" status="PASS">
          <params>
            <param index="0">
              <value>
                <![CDATA["Login With Blank credentials"]]>
              </value>
            </param>
            <param index="1">
              <value>
                <![CDATA["All Login Scenarios"]]>
              </value>
            </param>
          </params>
          <reporter-output>
          </reporter-output>
        </test-method> <!-- runScenario -->
        <test-method is-config="true" signature="tearDownClass()[pri:0, instance:cucumber.Options.TestRunner@1ea9f6af]" started-at="2024-12-13T23:17:58 IST" name="tearDownClass" finished-at="2024-12-13T23:17:58 IST" duration-ms="27" status="PASS">
          <reporter-output>
          </reporter-output>
        </test-method> <!-- tearDownClass -->
      </class> <!-- cucumber.Options.TestRunner -->
    </test> <!-- Surefire test -->
  </suite> <!-- Surefire suite -->
</testng-results>
